<?xml version="1.0" encoding="UTF-8"?>
<coverage generated="1757382067345" clover="3.2.0">
  <project timestamp="1757382067345" name="All files">
    <metrics statements="140" coveredstatements="138" conditionals="46" coveredconditionals="43" methods="3" coveredmethods="3" elements="189" coveredelements="184" complexity="0" loc="140" ncloc="140" packages="1" files="1" classes="1"/>
    <file name="abrigo-animais.js" path="C:\Users\Usuario\desafio-db-estagio\src\abrigo-animais.js">
      <metrics statements="140" coveredstatements="138" conditionals="46" coveredconditionals="43" methods="3" coveredmethods="3"/>
      <line num="1" count="1" type="stmt"/>
      <line num="2" count="1" type="stmt"/>
      <line num="3" count="1" type="stmt"/>
      <line num="4" count="1" type="stmt"/>
      <line num="5" count="1" type="stmt"/>
      <line num="6" count="1" type="stmt"/>
      <line num="7" count="1" type="stmt"/>
      <line num="8" count="1" type="stmt"/>
      <line num="9" count="1" type="stmt"/>
      <line num="10" count="1" type="stmt"/>
      <line num="11" count="1" type="stmt"/>
      <line num="12" count="1" type="stmt"/>
      <line num="13" count="1" type="cond" truecount="1" falsecount="0"/>
      <line num="14" count="66" type="stmt"/>
      <line num="15" count="66" type="cond" truecount="1" falsecount="0"/>
      <line num="16" count="230" type="cond" truecount="1" falsecount="0"/>
      <line num="17" count="230" type="cond" truecount="1" falsecount="0"/>
      <line num="18" count="230" type="cond" truecount="1" falsecount="0"/>
      <line num="19" count="37" type="stmt"/>
      <line num="20" count="37" type="stmt"/>
      <line num="21" count="1" type="stmt"/>
      <line num="22" count="1" type="stmt"/>
      <line num="23" count="1" type="stmt"/>
      <line num="24" count="1" type="stmt"/>
      <line num="25" count="1" type="stmt"/>
      <line num="26" count="1" type="stmt"/>
      <line num="27" count="1" type="stmt"/>
      <line num="28" count="1" type="cond" truecount="1" falsecount="0"/>
      <line num="29" count="6" type="cond" truecount="1" falsecount="0"/>
      <line num="30" count="6" type="stmt"/>
      <line num="31" count="1" type="stmt"/>
      <line num="32" count="1" type="stmt"/>
      <line num="33" count="1" type="stmt"/>
      <line num="34" count="1" type="stmt"/>
      <line num="35" count="1" type="stmt"/>
      <line num="36" count="1" type="stmt"/>
      <line num="37" count="1" type="stmt"/>
      <line num="38" count="1" type="stmt"/>
      <line num="39" count="1" type="stmt"/>
      <line num="40" count="1" type="stmt"/>
      <line num="41" count="1" type="stmt"/>
      <line num="42" count="1" type="stmt"/>
      <line num="43" count="1" type="stmt"/>
      <line num="44" count="1" type="cond" truecount="1" falsecount="0"/>
      <line num="45" count="13" type="stmt"/>
      <line num="46" count="13" type="stmt"/>
      <line num="47" count="13" type="stmt"/>
      <line num="48" count="13" type="stmt"/>
      <line num="49" count="13" type="stmt"/>
      <line num="50" count="13" type="stmt"/>
      <line num="51" count="13" type="stmt"/>
      <line num="52" count="13" type="stmt"/>
      <line num="53" count="13" type="stmt"/>
      <line num="54" count="13" type="stmt"/>
      <line num="55" count="13" type="stmt"/>
      <line num="56" count="13" type="stmt"/>
      <line num="57" count="13" type="stmt"/>
      <line num="58" count="13" type="stmt"/>
      <line num="59" count="13" type="stmt"/>
      <line num="60" count="13" type="stmt"/>
      <line num="61" count="13" type="stmt"/>
      <line num="62" count="13" type="cond" truecount="1" falsecount="0"/>
      <line num="63" count="13" type="cond" truecount="1" falsecount="0"/>
      <line num="64" count="13" type="cond" truecount="1" falsecount="0"/>
      <line num="65" count="13" type="stmt"/>
      <line num="66" count="13" type="stmt"/>
      <line num="67" count="13" type="stmt"/>
      <line num="68" count="13" type="cond" truecount="2" falsecount="0"/>
      <line num="69" count="1" type="stmt"/>
      <line num="70" count="1" type="cond" truecount="1" falsecount="0"/>
      <line num="71" count="13" type="cond" truecount="1" falsecount="1"/>
      <line num="72" count="0" type="stmt"/>
      <line num="73" count="0" type="cond" truecount="1" falsecount="0"/>
      <line num="74" count="12" type="stmt"/>
      <line num="75" count="12" type="stmt"/>
      <line num="76" count="13" type="cond" truecount="3" falsecount="0"/>
      <line num="77" count="2" type="stmt"/>
      <line num="78" count="2" type="cond" truecount="1" falsecount="0"/>
      <line num="79" count="10" type="stmt"/>
      <line num="80" count="10" type="stmt"/>
      <line num="81" count="10" type="stmt"/>
      <line num="82" count="10" type="cond" truecount="1" falsecount="0"/>
      <line num="83" count="10" type="stmt"/>
      <line num="84" count="10" type="stmt"/>
      <line num="85" count="10" type="stmt"/>
      <line num="86" count="10" type="stmt"/>
      <line num="87" count="10" type="stmt"/>
      <line num="88" count="10" type="stmt"/>
      <line num="89" count="10" type="stmt"/>
      <line num="90" count="13" type="cond" truecount="1" falsecount="0"/>
      <line num="91" count="33" type="stmt"/>
      <line num="92" count="33" type="stmt"/>
      <line num="93" count="33" type="stmt"/>
      <line num="94" count="33" type="stmt"/>
      <line num="95" count="33" type="stmt"/>
      <line num="96" count="33" type="stmt"/>
      <line num="97" count="33" type="stmt"/>
      <line num="98" count="33" type="stmt"/>
      <line num="99" count="33" type="cond" truecount="1" falsecount="0"/>
      <line num="100" count="4" type="cond" truecount="2" falsecount="0"/>
      <line num="101" count="33" type="cond" truecount="1" falsecount="0"/>
      <line num="102" count="3" type="stmt"/>
      <line num="103" count="3" type="stmt"/>
      <line num="104" count="3" type="stmt"/>
      <line num="105" count="33" type="stmt"/>
      <line num="106" count="33" type="stmt"/>
      <line num="107" count="33" type="stmt"/>
      <line num="108" count="33" type="stmt"/>
      <line num="109" count="33" type="cond" truecount="3" falsecount="0"/>
      <line num="110" count="6" type="stmt"/>
      <line num="111" count="6" type="stmt"/>
      <line num="112" count="6" type="stmt"/>
      <line num="113" count="27" type="cond" truecount="4" falsecount="0"/>
      <line num="114" count="9" type="stmt"/>
      <line num="115" count="9" type="stmt"/>
      <line num="116" count="9" type="stmt"/>
      <line num="117" count="9" type="stmt"/>
      <line num="118" count="18" type="cond" truecount="4" falsecount="1"/>
      <line num="119" count="3" type="stmt"/>
      <line num="120" count="3" type="stmt"/>
      <line num="121" count="3" type="stmt"/>
      <line num="122" count="15" type="cond" truecount="4" falsecount="1"/>
      <line num="123" count="1" type="stmt"/>
      <line num="124" count="1" type="stmt"/>
      <line num="125" count="1" type="stmt"/>
      <line num="126" count="14" type="cond" truecount="1" falsecount="0"/>
      <line num="127" count="14" type="stmt"/>
      <line num="128" count="14" type="stmt"/>
      <line num="129" count="14" type="stmt"/>
      <line num="130" count="33" type="cond" truecount="1" falsecount="0"/>
      <line num="131" count="10" type="stmt"/>
      <line num="132" count="10" type="stmt"/>
      <line num="133" count="10" type="stmt"/>
      <line num="134" count="10" type="stmt"/>
      <line num="135" count="10" type="stmt"/>
      <line num="136" count="10" type="stmt"/>
      <line num="137" count="1" type="stmt"/>
      <line num="138" count="1" type="stmt"/>
      <line num="139" count="1" type="stmt"/>
      <line num="140" count="1" type="stmt"/>
    </file>
  </project>
</coverage>
