{"C:\\Users\\Usuario\\desafio-db-estagio\\src\\abrigo-animais.js": {"path":"C:\\Users\\Usuario\\desafio-db-estagio\\src\\abrigo-animais.js","all":false,"statementMap":{"0":{"start":{"line":1,"column":0},"end":{"line":1,"column":30}},"1":{"start":{"line":2,"column":0},"end":{"line":2,"column":21}},"2":{"start":{"line":3,"column":0},"end":{"line":3,"column":0}},"3":{"start":{"line":4,"column":0},"end":{"line":4,"column":5}},"4":{"start":{"line":5,"column":0},"end":{"line":5,"column":65}},"5":{"start":{"line":6,"column":0},"end":{"line":6,"column":57}},"6":{"start":{"line":7,"column":0},"end":{"line":7,"column":4}},"7":{"start":{"line":8,"column":0},"end":{"line":8,"column":13}},"8":{"start":{"line":9,"column":0},"end":{"line":9,"column":45}},"9":{"start":{"line":10,"column":0},"end":{"line":10,"column":35}},"10":{"start":{"line":11,"column":0},"end":{"line":11,"column":39}},"11":{"start":{"line":12,"column":0},"end":{"line":12,"column":5}},"12":{"start":{"line":13,"column":0},"end":{"line":13,"column":42}},"13":{"start":{"line":14,"column":0},"end":{"line":14,"column":19}},"14":{"start":{"line":15,"column":0},"end":{"line":15,"column":32}},"15":{"start":{"line":16,"column":0},"end":{"line":16,"column":44}},"16":{"start":{"line":17,"column":0},"end":{"line":17,"column":51}},"17":{"start":{"line":18,"column":0},"end":{"line":18,"column":5}},"18":{"start":{"line":19,"column":0},"end":{"line":19,"column":17}},"19":{"start":{"line":20,"column":0},"end":{"line":20,"column":3}},"20":{"start":{"line":21,"column":0},"end":{"line":21,"column":0}},"21":{"start":{"line":22,"column":0},"end":{"line":22,"column":5}},"22":{"start":{"line":23,"column":0},"end":{"line":23,"column":60}},"23":{"start":{"line":24,"column":0},"end":{"line":24,"column":33}},"24":{"start":{"line":25,"column":0},"end":{"line":25,"column":4}},"25":{"start":{"line":26,"column":0},"end":{"line":26,"column":47}},"26":{"start":{"line":27,"column":0},"end":{"line":27,"column":5}},"27":{"start":{"line":28,"column":0},"end":{"line":28,"column":46}},"28":{"start":{"line":29,"column":0},"end":{"line":29,"column":57}},"29":{"start":{"line":30,"column":0},"end":{"line":30,"column":3}},"30":{"start":{"line":31,"column":0},"end":{"line":31,"column":0}},"31":{"start":{"line":32,"column":0},"end":{"line":32,"column":5}},"32":{"start":{"line":33,"column":0},"end":{"line":33,"column":32}},"33":{"start":{"line":34,"column":0},"end":{"line":34,"column":22}},"34":{"start":{"line":35,"column":0},"end":{"line":35,"column":26}},"35":{"start":{"line":36,"column":0},"end":{"line":36,"column":26}},"36":{"start":{"line":37,"column":0},"end":{"line":37,"column":38}},"37":{"start":{"line":38,"column":0},"end":{"line":38,"column":4}},"38":{"start":{"line":39,"column":0},"end":{"line":39,"column":13}},"39":{"start":{"line":40,"column":0},"end":{"line":40,"column":58}},"40":{"start":{"line":41,"column":0},"end":{"line":41,"column":9}},"41":{"start":{"line":42,"column":0},"end":{"line":42,"column":34}},"42":{"start":{"line":43,"column":0},"end":{"line":43,"column":5}},"43":{"start":{"line":44,"column":0},"end":{"line":44,"column":71}},"44":{"start":{"line":45,"column":0},"end":{"line":45,"column":0}},"45":{"start":{"line":46,"column":0},"end":{"line":46,"column":32}},"46":{"start":{"line":47,"column":0},"end":{"line":47,"column":83}},"47":{"start":{"line":48,"column":0},"end":{"line":48,"column":84}},"48":{"start":{"line":49,"column":0},"end":{"line":49,"column":0}},"49":{"start":{"line":50,"column":0},"end":{"line":50,"column":31}},"50":{"start":{"line":51,"column":0},"end":{"line":51,"column":25}},"51":{"start":{"line":52,"column":0},"end":{"line":52,"column":28}},"52":{"start":{"line":53,"column":0},"end":{"line":53,"column":30}},"53":{"start":{"line":54,"column":0},"end":{"line":54,"column":38}},"54":{"start":{"line":55,"column":0},"end":{"line":55,"column":29}},"55":{"start":{"line":56,"column":0},"end":{"line":56,"column":32}},"56":{"start":{"line":57,"column":0},"end":{"line":57,"column":38}},"57":{"start":{"line":58,"column":0},"end":{"line":58,"column":29}},"58":{"start":{"line":59,"column":0},"end":{"line":59,"column":6}},"59":{"start":{"line":60,"column":0},"end":{"line":60,"column":0}},"60":{"start":{"line":61,"column":0},"end":{"line":61,"column":68}},"61":{"start":{"line":62,"column":0},"end":{"line":62,"column":85}},"62":{"start":{"line":63,"column":0},"end":{"line":63,"column":85}},"63":{"start":{"line":64,"column":0},"end":{"line":64,"column":66}},"64":{"start":{"line":65,"column":0},"end":{"line":65,"column":0}},"65":{"start":{"line":66,"column":0},"end":{"line":66,"column":25}},"66":{"start":{"line":67,"column":0},"end":{"line":67,"column":41}},"67":{"start":{"line":68,"column":0},"end":{"line":68,"column":120}},"68":{"start":{"line":69,"column":0},"end":{"line":69,"column":44}},"69":{"start":{"line":70,"column":0},"end":{"line":70,"column":5}},"70":{"start":{"line":71,"column":0},"end":{"line":71,"column":120}},"71":{"start":{"line":72,"column":0},"end":{"line":72,"column":44}},"72":{"start":{"line":73,"column":0},"end":{"line":73,"column":5}},"73":{"start":{"line":74,"column":0},"end":{"line":74,"column":0}},"74":{"start":{"line":75,"column":0},"end":{"line":75,"column":38}},"75":{"start":{"line":76,"column":0},"end":{"line":76,"column":117}},"76":{"start":{"line":77,"column":0},"end":{"line":77,"column":41}},"77":{"start":{"line":78,"column":0},"end":{"line":78,"column":5}},"78":{"start":{"line":79,"column":0},"end":{"line":79,"column":0}},"79":{"start":{"line":80,"column":0},"end":{"line":80,"column":28}},"80":{"start":{"line":81,"column":0},"end":{"line":81,"column":64}},"81":{"start":{"line":82,"column":0},"end":{"line":82,"column":70}},"82":{"start":{"line":83,"column":0},"end":{"line":83,"column":0}},"83":{"start":{"line":84,"column":0},"end":{"line":84,"column":27}},"84":{"start":{"line":85,"column":0},"end":{"line":85,"column":28}},"85":{"start":{"line":86,"column":0},"end":{"line":86,"column":28}},"86":{"start":{"line":87,"column":0},"end":{"line":87,"column":24}},"87":{"start":{"line":88,"column":0},"end":{"line":88,"column":0}},"88":{"start":{"line":89,"column":0},"end":{"line":89,"column":46}},"89":{"start":{"line":90,"column":0},"end":{"line":90,"column":38}},"90":{"start":{"line":91,"column":0},"end":{"line":91,"column":44}},"91":{"start":{"line":92,"column":0},"end":{"line":92,"column":0}},"92":{"start":{"line":93,"column":0},"end":{"line":93,"column":36}},"93":{"start":{"line":94,"column":0},"end":{"line":94,"column":63}},"94":{"start":{"line":95,"column":0},"end":{"line":95,"column":63}},"95":{"start":{"line":96,"column":0},"end":{"line":96,"column":0}},"96":{"start":{"line":97,"column":0},"end":{"line":97,"column":61}},"97":{"start":{"line":98,"column":0},"end":{"line":98,"column":10}},"98":{"start":{"line":99,"column":0},"end":{"line":99,"column":28}},"99":{"start":{"line":100,"column":0},"end":{"line":100,"column":76}},"100":{"start":{"line":101,"column":0},"end":{"line":101,"column":9}},"101":{"start":{"line":102,"column":0},"end":{"line":102,"column":65}},"102":{"start":{"line":103,"column":0},"end":{"line":103,"column":65}},"103":{"start":{"line":104,"column":0},"end":{"line":104,"column":7}},"104":{"start":{"line":105,"column":0},"end":{"line":105,"column":0}},"105":{"start":{"line":106,"column":0},"end":{"line":106,"column":30}},"106":{"start":{"line":107,"column":0},"end":{"line":107,"column":45}},"107":{"start":{"line":108,"column":0},"end":{"line":108,"column":0}},"108":{"start":{"line":109,"column":0},"end":{"line":109,"column":53}},"109":{"start":{"line":110,"column":0},"end":{"line":110,"column":49}},"110":{"start":{"line":111,"column":0},"end":{"line":111,"column":46}},"111":{"start":{"line":112,"column":0},"end":{"line":112,"column":7}},"112":{"start":{"line":113,"column":0},"end":{"line":113,"column":55}},"113":{"start":{"line":114,"column":0},"end":{"line":114,"column":60}},"114":{"start":{"line":115,"column":0},"end":{"line":115,"column":48}},"115":{"start":{"line":116,"column":0},"end":{"line":116,"column":26}},"116":{"start":{"line":117,"column":0},"end":{"line":117,"column":7}},"117":{"start":{"line":118,"column":0},"end":{"line":118,"column":82}},"118":{"start":{"line":119,"column":0},"end":{"line":119,"column":48}},"119":{"start":{"line":120,"column":0},"end":{"line":120,"column":26}},"120":{"start":{"line":121,"column":0},"end":{"line":121,"column":7}},"121":{"start":{"line":122,"column":0},"end":{"line":122,"column":82}},"122":{"start":{"line":123,"column":0},"end":{"line":123,"column":48}},"123":{"start":{"line":124,"column":0},"end":{"line":124,"column":26}},"124":{"start":{"line":125,"column":0},"end":{"line":125,"column":7}},"125":{"start":{"line":126,"column":0},"end":{"line":126,"column":12}},"126":{"start":{"line":127,"column":0},"end":{"line":127,"column":37}},"127":{"start":{"line":128,"column":0},"end":{"line":128,"column":46}},"128":{"start":{"line":129,"column":0},"end":{"line":129,"column":7}},"129":{"start":{"line":130,"column":0},"end":{"line":130,"column":5}},"130":{"start":{"line":131,"column":0},"end":{"line":131,"column":0}},"131":{"start":{"line":132,"column":0},"end":{"line":132,"column":44}},"132":{"start":{"line":133,"column":0},"end":{"line":133,"column":22}},"133":{"start":{"line":134,"column":0},"end":{"line":134,"column":0}},"134":{"start":{"line":135,"column":0},"end":{"line":135,"column":33}},"135":{"start":{"line":136,"column":0},"end":{"line":136,"column":3}},"136":{"start":{"line":137,"column":0},"end":{"line":137,"column":1}},"137":{"start":{"line":138,"column":0},"end":{"line":138,"column":0}},"138":{"start":{"line":139,"column":0},"end":{"line":139,"column":47}},"139":{"start":{"line":140,"column":0},"end":{"line":140,"column":42}}},"s":{"0":1,"1":1,"2":1,"3":1,"4":1,"5":1,"6":1,"7":1,"8":1,"9":1,"10":1,"11":1,"12":1,"13":66,"14":66,"15":230,"16":230,"17":230,"18":37,"19":37,"20":1,"21":1,"22":1,"23":1,"24":1,"25":1,"26":1,"27":1,"28":6,"29":6,"30":1,"31":1,"32":1,"33":1,"34":1,"35":1,"36":1,"37":1,"38":1,"39":1,"40":1,"41":1,"42":1,"43":1,"44":13,"45":13,"46":13,"47":13,"48":13,"49":13,"50":13,"51":13,"52":13,"53":13,"54":13,"55":13,"56":13,"57":13,"58":13,"59":13,"60":13,"61":13,"62":13,"63":13,"64":13,"65":13,"66":13,"67":13,"68":1,"69":1,"70":13,"71":0,"72":0,"73":12,"74":12,"75":13,"76":2,"77":2,"78":10,"79":10,"80":10,"81":10,"82":10,"83":10,"84":10,"85":10,"86":10,"87":10,"88":10,"89":13,"90":33,"91":33,"92":33,"93":33,"94":33,"95":33,"96":33,"97":33,"98":33,"99":4,"100":33,"101":3,"102":3,"103":3,"104":33,"105":33,"106":33,"107":33,"108":33,"109":6,"110":6,"111":6,"112":27,"113":9,"114":9,"115":9,"116":9,"117":18,"118":3,"119":3,"120":3,"121":15,"122":1,"123":1,"124":1,"125":14,"126":14,"127":14,"128":14,"129":33,"130":10,"131":10,"132":10,"133":10,"134":10,"135":10,"136":1,"137":1,"138":1,"139":1},"branchMap":{"0":{"type":"branch","line":13,"loc":{"start":{"line":13,"column":2},"end":{"line":20,"column":3}},"locations":[{"start":{"line":13,"column":2},"end":{"line":20,"column":3}}]},"1":{"type":"branch","line":15,"loc":{"start":{"line":15,"column":31},"end":{"line":18,"column":5}},"locations":[{"start":{"line":15,"column":31},"end":{"line":18,"column":5}}]},"2":{"type":"branch","line":16,"loc":{"start":{"line":16,"column":35},"end":{"line":16,"column":44}},"locations":[{"start":{"line":16,"column":35},"end":{"line":16,"column":44}}]},"3":{"type":"branch","line":17,"loc":{"start":{"line":17,"column":39},"end":{"line":17,"column":51}},"locations":[{"start":{"line":17,"column":39},"end":{"line":17,"column":51}}]},"4":{"type":"branch","line":18,"loc":{"start":{"line":18,"column":4},"end":{"line":20,"column":3}},"locations":[{"start":{"line":18,"column":4},"end":{"line":20,"column":3}}]},"5":{"type":"branch","line":28,"loc":{"start":{"line":28,"column":2},"end":{"line":30,"column":3}},"locations":[{"start":{"line":28,"column":2},"end":{"line":30,"column":3}}]},"6":{"type":"branch","line":29,"loc":{"start":{"line":29,"column":27},"end":{"line":29,"column":55}},"locations":[{"start":{"line":29,"column":27},"end":{"line":29,"column":55}}]},"7":{"type":"branch","line":44,"loc":{"start":{"line":44,"column":2},"end":{"line":136,"column":3}},"locations":[{"start":{"line":44,"column":2},"end":{"line":136,"column":3}}]},"8":{"type":"branch","line":68,"loc":{"start":{"line":68,"column":119},"end":{"line":70,"column":5}},"locations":[{"start":{"line":68,"column":119},"end":{"line":70,"column":5}}]},"9":{"type":"branch","line":70,"loc":{"start":{"line":70,"column":4},"end":{"line":71,"column":117}},"locations":[{"start":{"line":70,"column":4},"end":{"line":71,"column":117}}]},"10":{"type":"branch","line":71,"loc":{"start":{"line":71,"column":119},"end":{"line":73,"column":5}},"locations":[{"start":{"line":71,"column":119},"end":{"line":73,"column":5}}]},"11":{"type":"branch","line":73,"loc":{"start":{"line":73,"column":4},"end":{"line":76,"column":64}},"locations":[{"start":{"line":73,"column":4},"end":{"line":76,"column":64}}]},"12":{"type":"branch","line":76,"loc":{"start":{"line":76,"column":60},"end":{"line":76,"column":114}},"locations":[{"start":{"line":76,"column":60},"end":{"line":76,"column":114}}]},"13":{"type":"branch","line":76,"loc":{"start":{"line":76,"column":116},"end":{"line":78,"column":5}},"locations":[{"start":{"line":76,"column":116},"end":{"line":78,"column":5}}]},"14":{"type":"branch","line":78,"loc":{"start":{"line":78,"column":4},"end":{"line":90,"column":37}},"locations":[{"start":{"line":78,"column":4},"end":{"line":90,"column":37}}]},"15":{"type":"branch","line":90,"loc":{"start":{"line":90,"column":37},"end":{"line":130,"column":5}},"locations":[{"start":{"line":90,"column":37},"end":{"line":130,"column":5}}]},"16":{"type":"branch","line":99,"loc":{"start":{"line":99,"column":25},"end":{"line":100,"column":76}},"locations":[{"start":{"line":99,"column":25},"end":{"line":100,"column":76}}]},"17":{"type":"branch","line":100,"loc":{"start":{"line":100,"column":29},"end":{"line":100,"column":52}},"locations":[{"start":{"line":100,"column":29},"end":{"line":100,"column":52}}]},"18":{"type":"branch","line":100,"loc":{"start":{"line":100,"column":52},"end":{"line":100,"column":75}},"locations":[{"start":{"line":100,"column":52},"end":{"line":100,"column":75}}]},"19":{"type":"branch","line":101,"loc":{"start":{"line":101,"column":8},"end":{"line":104,"column":7}},"locations":[{"start":{"line":101,"column":8},"end":{"line":104,"column":7}}]},"20":{"type":"branch","line":109,"loc":{"start":{"line":109,"column":32},"end":{"line":109,"column":41}},"locations":[{"start":{"line":109,"column":32},"end":{"line":109,"column":41}}]},"21":{"type":"branch","line":109,"loc":{"start":{"line":109,"column":41},"end":{"line":109,"column":50}},"locations":[{"start":{"line":109,"column":41},"end":{"line":109,"column":50}}]},"22":{"type":"branch","line":109,"loc":{"start":{"line":109,"column":52},"end":{"line":112,"column":7}},"locations":[{"start":{"line":109,"column":52},"end":{"line":112,"column":7}}]},"23":{"type":"branch","line":113,"loc":{"start":{"line":113,"column":-2},"end":{"line":129,"column":7}},"locations":[{"start":{"line":113,"column":-2},"end":{"line":129,"column":7}}]},"24":{"type":"branch","line":113,"loc":{"start":{"line":113,"column":20},"end":{"line":113,"column":29}},"locations":[{"start":{"line":113,"column":20},"end":{"line":113,"column":29}}]},"25":{"type":"branch","line":113,"loc":{"start":{"line":113,"column":29},"end":{"line":113,"column":52}},"locations":[{"start":{"line":113,"column":29},"end":{"line":113,"column":52}}]},"26":{"type":"branch","line":113,"loc":{"start":{"line":113,"column":54},"end":{"line":117,"column":7}},"locations":[{"start":{"line":113,"column":54},"end":{"line":117,"column":7}}]},"27":{"type":"branch","line":118,"loc":{"start":{"line":118,"column":-2},"end":{"line":129,"column":7}},"locations":[{"start":{"line":118,"column":-2},"end":{"line":129,"column":7}}]},"28":{"type":"branch","line":118,"loc":{"start":{"line":118,"column":20},"end":{"line":118,"column":56}},"locations":[{"start":{"line":118,"column":20},"end":{"line":118,"column":56}}]},"29":{"type":"branch","line":118,"loc":{"start":{"line":118,"column":31},"end":{"line":118,"column":55}},"locations":[{"start":{"line":118,"column":31},"end":{"line":118,"column":55}}]},"30":{"type":"branch","line":118,"loc":{"start":{"line":118,"column":56},"end":{"line":118,"column":79}},"locations":[{"start":{"line":118,"column":56},"end":{"line":118,"column":79}}]},"31":{"type":"branch","line":118,"loc":{"start":{"line":118,"column":81},"end":{"line":121,"column":7}},"locations":[{"start":{"line":118,"column":81},"end":{"line":121,"column":7}}]},"32":{"type":"branch","line":122,"loc":{"start":{"line":122,"column":-2},"end":{"line":129,"column":7}},"locations":[{"start":{"line":122,"column":-2},"end":{"line":129,"column":7}}]},"33":{"type":"branch","line":122,"loc":{"start":{"line":122,"column":20},"end":{"line":122,"column":56}},"locations":[{"start":{"line":122,"column":20},"end":{"line":122,"column":56}}]},"34":{"type":"branch","line":122,"loc":{"start":{"line":122,"column":31},"end":{"line":122,"column":55}},"locations":[{"start":{"line":122,"column":31},"end":{"line":122,"column":55}}]},"35":{"type":"branch","line":122,"loc":{"start":{"line":122,"column":56},"end":{"line":122,"column":79}},"locations":[{"start":{"line":122,"column":56},"end":{"line":122,"column":79}}]},"36":{"type":"branch","line":122,"loc":{"start":{"line":122,"column":81},"end":{"line":125,"column":7}},"locations":[{"start":{"line":122,"column":81},"end":{"line":125,"column":7}}]},"37":{"type":"branch","line":126,"loc":{"start":{"line":126,"column":-2},"end":{"line":129,"column":7}},"locations":[{"start":{"line":126,"column":-2},"end":{"line":129,"column":7}}]},"38":{"type":"branch","line":130,"loc":{"start":{"line":130,"column":4},"end":{"line":136,"column":3}},"locations":[{"start":{"line":130,"column":4},"end":{"line":136,"column":3}}]},"39":{"type":"branch","line":62,"loc":{"start":{"line":62,"column":56},"end":{"line":62,"column":83}},"locations":[{"start":{"line":62,"column":56},"end":{"line":62,"column":83}}]},"40":{"type":"branch","line":63,"loc":{"start":{"line":63,"column":56},"end":{"line":63,"column":83}},"locations":[{"start":{"line":63,"column":56},"end":{"line":63,"column":83}}]},"41":{"type":"branch","line":64,"loc":{"start":{"line":64,"column":51},"end":{"line":64,"column":64}},"locations":[{"start":{"line":64,"column":51},"end":{"line":64,"column":64}}]},"42":{"type":"branch","line":68,"loc":{"start":{"line":68,"column":28},"end":{"line":68,"column":62}},"locations":[{"start":{"line":68,"column":28},"end":{"line":68,"column":62}}]},"43":{"type":"branch","line":71,"loc":{"start":{"line":71,"column":28},"end":{"line":71,"column":62}},"locations":[{"start":{"line":71,"column":28},"end":{"line":71,"column":62}}]},"44":{"type":"branch","line":76,"loc":{"start":{"line":76,"column":28},"end":{"line":76,"column":59}},"locations":[{"start":{"line":76,"column":28},"end":{"line":76,"column":59}}]},"45":{"type":"branch","line":82,"loc":{"start":{"line":82,"column":51},"end":{"line":82,"column":68}},"locations":[{"start":{"line":82,"column":51},"end":{"line":82,"column":68}}]}},"b":{"0":[66],"1":[230],"2":[92],"3":[29],"4":[37],"5":[6],"6":[12],"7":[13],"8":[1],"9":[12],"10":[0],"11":[12],"12":[11],"13":[2],"14":[10],"15":[33],"16":[4],"17":[1],"18":[1],"19":[3],"20":[14],"21":[7],"22":[6],"23":[27],"24":[12],"25":[9],"26":[9],"27":[18],"28":[3],"29":[0],"30":[3],"31":[3],"32":[15],"33":[1],"34":[0],"35":[1],"36":[1],"37":[14],"38":[10],"39":[39],"40":[41],"41":[37],"42":[39],"43":[39],"44":[36],"45":[10]},"fnMap":{"0":{"name":"ehSubsequencia","decl":{"start":{"line":13,"column":2},"end":{"line":20,"column":3}},"loc":{"start":{"line":13,"column":2},"end":{"line":20,"column":3}},"line":13},"1":{"name":"temTodosBrinquedos","decl":{"start":{"line":28,"column":2},"end":{"line":30,"column":3}},"loc":{"start":{"line":28,"column":2},"end":{"line":30,"column":3}},"line":28},"2":{"name":"encontraPessoas","decl":{"start":{"line":44,"column":2},"end":{"line":136,"column":3}},"loc":{"start":{"line":44,"column":2},"end":{"line":136,"column":3}},"line":44}},"f":{"0":66,"1":6,"2":13}}
}
