{"C:\\Users\\Usuario\\desafio-db-estagio\\src\\abrigo-animais.js": {"path":"C:\\Users\\Usuario\\desafio-db-estagio\\src\\abrigo-animais.js","all":false,"statementMap":{"0":{"start":{"line":1,"column":0},"end":{"line":1,"column":21}},"1":{"start":{"line":2,"column":0},"end":{"line":2,"column":0}},"2":{"start":{"line":3,"column":0},"end":{"line":3,"column":42}},"3":{"start":{"line":4,"column":0},"end":{"line":4,"column":19}},"4":{"start":{"line":5,"column":0},"end":{"line":5,"column":32}},"5":{"start":{"line":6,"column":0},"end":{"line":6,"column":44}},"6":{"start":{"line":7,"column":0},"end":{"line":7,"column":51}},"7":{"start":{"line":8,"column":0},"end":{"line":8,"column":5}},"8":{"start":{"line":9,"column":0},"end":{"line":9,"column":17}},"9":{"start":{"line":10,"column":0},"end":{"line":10,"column":3}},"10":{"start":{"line":11,"column":0},"end":{"line":11,"column":0}},"11":{"start":{"line":12,"column":0},"end":{"line":12,"column":88}},"12":{"start":{"line":13,"column":0},"end":{"line":13,"column":46}},"13":{"start":{"line":14,"column":0},"end":{"line":14,"column":57}},"14":{"start":{"line":15,"column":0},"end":{"line":15,"column":3}},"15":{"start":{"line":16,"column":0},"end":{"line":16,"column":0}},"16":{"start":{"line":17,"column":0},"end":{"line":17,"column":71}},"17":{"start":{"line":18,"column":0},"end":{"line":18,"column":0}},"18":{"start":{"line":19,"column":0},"end":{"line":19,"column":43}},"19":{"start":{"line":20,"column":0},"end":{"line":20,"column":83}},"20":{"start":{"line":21,"column":0},"end":{"line":21,"column":84}},"21":{"start":{"line":22,"column":0},"end":{"line":22,"column":0}},"22":{"start":{"line":23,"column":0},"end":{"line":23,"column":50}},"23":{"start":{"line":24,"column":0},"end":{"line":24,"column":25}},"24":{"start":{"line":25,"column":0},"end":{"line":25,"column":28}},"25":{"start":{"line":26,"column":0},"end":{"line":26,"column":30}},"26":{"start":{"line":27,"column":0},"end":{"line":27,"column":38}},"27":{"start":{"line":28,"column":0},"end":{"line":28,"column":29}},"28":{"start":{"line":29,"column":0},"end":{"line":29,"column":32}},"29":{"start":{"line":30,"column":0},"end":{"line":30,"column":38}},"30":{"start":{"line":31,"column":0},"end":{"line":31,"column":29}},"31":{"start":{"line":32,"column":0},"end":{"line":32,"column":6}},"32":{"start":{"line":33,"column":0},"end":{"line":33,"column":0}},"33":{"start":{"line":34,"column":0},"end":{"line":34,"column":47}},"34":{"start":{"line":35,"column":0},"end":{"line":35,"column":52}},"35":{"start":{"line":36,"column":0},"end":{"line":36,"column":52}},"36":{"start":{"line":37,"column":0},"end":{"line":37,"column":47}},"37":{"start":{"line":38,"column":0},"end":{"line":38,"column":0}},"38":{"start":{"line":39,"column":0},"end":{"line":39,"column":51}},"39":{"start":{"line":40,"column":0},"end":{"line":40,"column":65}},"40":{"start":{"line":41,"column":0},"end":{"line":41,"column":65}},"41":{"start":{"line":42,"column":0},"end":{"line":42,"column":51}},"42":{"start":{"line":43,"column":0},"end":{"line":43,"column":0}},"43":{"start":{"line":44,"column":0},"end":{"line":44,"column":120}},"44":{"start":{"line":45,"column":0},"end":{"line":45,"column":44}},"45":{"start":{"line":46,"column":0},"end":{"line":46,"column":5}},"46":{"start":{"line":47,"column":0},"end":{"line":47,"column":0}},"47":{"start":{"line":48,"column":0},"end":{"line":48,"column":120}},"48":{"start":{"line":49,"column":0},"end":{"line":49,"column":44}},"49":{"start":{"line":50,"column":0},"end":{"line":50,"column":5}},"50":{"start":{"line":51,"column":0},"end":{"line":51,"column":0}},"51":{"start":{"line":52,"column":0},"end":{"line":52,"column":117}},"52":{"start":{"line":53,"column":0},"end":{"line":53,"column":41}},"53":{"start":{"line":54,"column":0},"end":{"line":54,"column":5}},"54":{"start":{"line":55,"column":0},"end":{"line":55,"column":0}},"55":{"start":{"line":56,"column":0},"end":{"line":56,"column":39}},"56":{"start":{"line":57,"column":0},"end":{"line":57,"column":28}},"57":{"start":{"line":58,"column":0},"end":{"line":58,"column":28}},"58":{"start":{"line":59,"column":0},"end":{"line":59,"column":24}},"59":{"start":{"line":60,"column":0},"end":{"line":60,"column":0}},"60":{"start":{"line":61,"column":0},"end":{"line":61,"column":28}},"61":{"start":{"line":62,"column":0},"end":{"line":62,"column":38}},"62":{"start":{"line":63,"column":0},"end":{"line":63,"column":44}},"63":{"start":{"line":64,"column":0},"end":{"line":64,"column":0}},"64":{"start":{"line":65,"column":0},"end":{"line":65,"column":76}},"65":{"start":{"line":66,"column":0},"end":{"line":66,"column":63}},"66":{"start":{"line":67,"column":0},"end":{"line":67,"column":63}},"67":{"start":{"line":68,"column":0},"end":{"line":68,"column":0}},"68":{"start":{"line":69,"column":0},"end":{"line":69,"column":81}},"69":{"start":{"line":70,"column":0},"end":{"line":70,"column":78}},"70":{"start":{"line":71,"column":0},"end":{"line":71,"column":53}},"71":{"start":{"line":72,"column":0},"end":{"line":72,"column":65}},"72":{"start":{"line":73,"column":0},"end":{"line":73,"column":7}},"73":{"start":{"line":74,"column":0},"end":{"line":74,"column":53}},"74":{"start":{"line":75,"column":0},"end":{"line":75,"column":65}},"75":{"start":{"line":76,"column":0},"end":{"line":76,"column":7}},"76":{"start":{"line":77,"column":0},"end":{"line":77,"column":0}},"77":{"start":{"line":78,"column":0},"end":{"line":78,"column":59}},"78":{"start":{"line":79,"column":0},"end":{"line":79,"column":45}},"79":{"start":{"line":80,"column":0},"end":{"line":80,"column":0}},"80":{"start":{"line":81,"column":0},"end":{"line":81,"column":70}},"81":{"start":{"line":82,"column":0},"end":{"line":82,"column":53}},"82":{"start":{"line":83,"column":0},"end":{"line":83,"column":46}},"83":{"start":{"line":84,"column":0},"end":{"line":84,"column":7}},"84":{"start":{"line":85,"column":0},"end":{"line":85,"column":55}},"85":{"start":{"line":86,"column":0},"end":{"line":86,"column":82}},"86":{"start":{"line":87,"column":0},"end":{"line":87,"column":48}},"87":{"start":{"line":88,"column":0},"end":{"line":88,"column":26}},"88":{"start":{"line":89,"column":0},"end":{"line":89,"column":7}},"89":{"start":{"line":90,"column":0},"end":{"line":90,"column":55}},"90":{"start":{"line":91,"column":0},"end":{"line":91,"column":82}},"91":{"start":{"line":92,"column":0},"end":{"line":92,"column":48}},"92":{"start":{"line":93,"column":0},"end":{"line":93,"column":26}},"93":{"start":{"line":94,"column":0},"end":{"line":94,"column":7}},"94":{"start":{"line":95,"column":0},"end":{"line":95,"column":59}},"95":{"start":{"line":96,"column":0},"end":{"line":96,"column":12}},"96":{"start":{"line":97,"column":0},"end":{"line":97,"column":46}},"97":{"start":{"line":98,"column":0},"end":{"line":98,"column":7}},"98":{"start":{"line":99,"column":0},"end":{"line":99,"column":5}},"99":{"start":{"line":100,"column":0},"end":{"line":100,"column":0}},"100":{"start":{"line":101,"column":0},"end":{"line":101,"column":45}},"101":{"start":{"line":102,"column":0},"end":{"line":102,"column":22}},"102":{"start":{"line":103,"column":0},"end":{"line":103,"column":0}},"103":{"start":{"line":104,"column":0},"end":{"line":104,"column":28}},"104":{"start":{"line":105,"column":0},"end":{"line":105,"column":33}},"105":{"start":{"line":106,"column":0},"end":{"line":106,"column":0}},"106":{"start":{"line":107,"column":0},"end":{"line":107,"column":3}},"107":{"start":{"line":108,"column":0},"end":{"line":108,"column":1}},"108":{"start":{"line":109,"column":0},"end":{"line":109,"column":0}},"109":{"start":{"line":110,"column":0},"end":{"line":110,"column":42}}},"s":{"0":1,"1":1,"2":1,"3":52,"4":52,"5":170,"6":170,"7":170,"8":30,"9":30,"10":1,"11":1,"12":1,"13":0,"14":0,"15":1,"16":1,"17":10,"18":10,"19":10,"20":10,"21":10,"22":10,"23":10,"24":10,"25":10,"26":10,"27":10,"28":10,"29":10,"30":10,"31":10,"32":10,"33":10,"34":10,"35":10,"36":10,"37":10,"38":10,"39":10,"40":10,"41":10,"42":10,"43":10,"44":1,"45":1,"46":9,"47":10,"48":0,"49":0,"50":9,"51":10,"52":1,"53":1,"54":8,"55":8,"56":8,"57":8,"58":8,"59":8,"60":8,"61":10,"62":26,"63":26,"64":26,"65":26,"66":26,"67":26,"68":26,"69":26,"70":26,"71":0,"72":0,"73":26,"74":0,"75":0,"76":26,"77":26,"78":26,"79":26,"80":26,"81":26,"82":5,"83":5,"84":21,"85":21,"86":2,"87":2,"88":2,"89":19,"90":19,"91":2,"92":2,"93":2,"94":17,"95":17,"96":17,"97":17,"98":26,"99":8,"100":8,"101":8,"102":8,"103":8,"104":8,"105":8,"106":8,"107":1,"108":1,"109":1},"branchMap":{"0":{"type":"branch","line":3,"loc":{"start":{"line":3,"column":2},"end":{"line":10,"column":3}},"locations":[{"start":{"line":3,"column":2},"end":{"line":10,"column":3}}]},"1":{"type":"branch","line":5,"loc":{"start":{"line":5,"column":31},"end":{"line":8,"column":5}},"locations":[{"start":{"line":5,"column":31},"end":{"line":8,"column":5}}]},"2":{"type":"branch","line":6,"loc":{"start":{"line":6,"column":35},"end":{"line":6,"column":44}},"locations":[{"start":{"line":6,"column":35},"end":{"line":6,"column":44}}]},"3":{"type":"branch","line":7,"loc":{"start":{"line":7,"column":39},"end":{"line":7,"column":51}},"locations":[{"start":{"line":7,"column":39},"end":{"line":7,"column":51}}]},"4":{"type":"branch","line":8,"loc":{"start":{"line":8,"column":4},"end":{"line":10,"column":3}},"locations":[{"start":{"line":8,"column":4},"end":{"line":10,"column":3}}]},"5":{"type":"branch","line":17,"loc":{"start":{"line":17,"column":2},"end":{"line":107,"column":3}},"locations":[{"start":{"line":17,"column":2},"end":{"line":107,"column":3}}]},"6":{"type":"branch","line":44,"loc":{"start":{"line":44,"column":119},"end":{"line":46,"column":5}},"locations":[{"start":{"line":44,"column":119},"end":{"line":46,"column":5}}]},"7":{"type":"branch","line":46,"loc":{"start":{"line":46,"column":4},"end":{"line":48,"column":117}},"locations":[{"start":{"line":46,"column":4},"end":{"line":48,"column":117}}]},"8":{"type":"branch","line":48,"loc":{"start":{"line":48,"column":119},"end":{"line":50,"column":5}},"locations":[{"start":{"line":48,"column":119},"end":{"line":50,"column":5}}]},"9":{"type":"branch","line":50,"loc":{"start":{"line":50,"column":4},"end":{"line":52,"column":64}},"locations":[{"start":{"line":50,"column":4},"end":{"line":52,"column":64}}]},"10":{"type":"branch","line":52,"loc":{"start":{"line":52,"column":60},"end":{"line":52,"column":114}},"locations":[{"start":{"line":52,"column":60},"end":{"line":52,"column":114}}]},"11":{"type":"branch","line":52,"loc":{"start":{"line":52,"column":116},"end":{"line":54,"column":5}},"locations":[{"start":{"line":52,"column":116},"end":{"line":54,"column":5}}]},"12":{"type":"branch","line":54,"loc":{"start":{"line":54,"column":4},"end":{"line":62,"column":37}},"locations":[{"start":{"line":54,"column":4},"end":{"line":62,"column":37}}]},"13":{"type":"branch","line":62,"loc":{"start":{"line":62,"column":37},"end":{"line":99,"column":5}},"locations":[{"start":{"line":62,"column":37},"end":{"line":99,"column":5}}]},"14":{"type":"branch","line":71,"loc":{"start":{"line":71,"column":27},"end":{"line":71,"column":50}},"locations":[{"start":{"line":71,"column":27},"end":{"line":71,"column":50}}]},"15":{"type":"branch","line":71,"loc":{"start":{"line":71,"column":52},"end":{"line":73,"column":7}},"locations":[{"start":{"line":71,"column":52},"end":{"line":73,"column":7}}]},"16":{"type":"branch","line":74,"loc":{"start":{"line":74,"column":27},"end":{"line":74,"column":50}},"locations":[{"start":{"line":74,"column":27},"end":{"line":74,"column":50}}]},"17":{"type":"branch","line":74,"loc":{"start":{"line":74,"column":52},"end":{"line":76,"column":7}},"locations":[{"start":{"line":74,"column":52},"end":{"line":76,"column":7}}]},"18":{"type":"branch","line":82,"loc":{"start":{"line":82,"column":32},"end":{"line":82,"column":41}},"locations":[{"start":{"line":82,"column":32},"end":{"line":82,"column":41}}]},"19":{"type":"branch","line":82,"loc":{"start":{"line":82,"column":41},"end":{"line":82,"column":50}},"locations":[{"start":{"line":82,"column":41},"end":{"line":82,"column":50}}]},"20":{"type":"branch","line":82,"loc":{"start":{"line":82,"column":52},"end":{"line":84,"column":7}},"locations":[{"start":{"line":82,"column":52},"end":{"line":84,"column":7}}]},"21":{"type":"branch","line":84,"loc":{"start":{"line":84,"column":6},"end":{"line":98,"column":7}},"locations":[{"start":{"line":84,"column":6},"end":{"line":98,"column":7}}]},"22":{"type":"branch","line":86,"loc":{"start":{"line":86,"column":20},"end":{"line":86,"column":56}},"locations":[{"start":{"line":86,"column":20},"end":{"line":86,"column":56}}]},"23":{"type":"branch","line":86,"loc":{"start":{"line":86,"column":31},"end":{"line":86,"column":55}},"locations":[{"start":{"line":86,"column":31},"end":{"line":86,"column":55}}]},"24":{"type":"branch","line":86,"loc":{"start":{"line":86,"column":56},"end":{"line":86,"column":79}},"locations":[{"start":{"line":86,"column":56},"end":{"line":86,"column":79}}]},"25":{"type":"branch","line":86,"loc":{"start":{"line":86,"column":81},"end":{"line":89,"column":7}},"locations":[{"start":{"line":86,"column":81},"end":{"line":89,"column":7}}]},"26":{"type":"branch","line":89,"loc":{"start":{"line":89,"column":6},"end":{"line":98,"column":7}},"locations":[{"start":{"line":89,"column":6},"end":{"line":98,"column":7}}]},"27":{"type":"branch","line":91,"loc":{"start":{"line":91,"column":20},"end":{"line":91,"column":56}},"locations":[{"start":{"line":91,"column":20},"end":{"line":91,"column":56}}]},"28":{"type":"branch","line":91,"loc":{"start":{"line":91,"column":31},"end":{"line":91,"column":55}},"locations":[{"start":{"line":91,"column":31},"end":{"line":91,"column":55}}]},"29":{"type":"branch","line":91,"loc":{"start":{"line":91,"column":56},"end":{"line":91,"column":79}},"locations":[{"start":{"line":91,"column":56},"end":{"line":91,"column":79}}]},"30":{"type":"branch","line":91,"loc":{"start":{"line":91,"column":81},"end":{"line":94,"column":7}},"locations":[{"start":{"line":91,"column":81},"end":{"line":94,"column":7}}]},"31":{"type":"branch","line":94,"loc":{"start":{"line":94,"column":6},"end":{"line":98,"column":7}},"locations":[{"start":{"line":94,"column":6},"end":{"line":98,"column":7}}]},"32":{"type":"branch","line":99,"loc":{"start":{"line":99,"column":4},"end":{"line":107,"column":3}},"locations":[{"start":{"line":99,"column":4},"end":{"line":107,"column":3}}]},"33":{"type":"branch","line":40,"loc":{"start":{"line":40,"column":36},"end":{"line":40,"column":63}},"locations":[{"start":{"line":40,"column":36},"end":{"line":40,"column":63}}]},"34":{"type":"branch","line":41,"loc":{"start":{"line":41,"column":36},"end":{"line":41,"column":63}},"locations":[{"start":{"line":41,"column":36},"end":{"line":41,"column":63}}]},"35":{"type":"branch","line":42,"loc":{"start":{"line":42,"column":36},"end":{"line":42,"column":49}},"locations":[{"start":{"line":42,"column":36},"end":{"line":42,"column":49}}]},"36":{"type":"branch","line":44,"loc":{"start":{"line":44,"column":28},"end":{"line":44,"column":62}},"locations":[{"start":{"line":44,"column":28},"end":{"line":44,"column":62}}]},"37":{"type":"branch","line":48,"loc":{"start":{"line":48,"column":28},"end":{"line":48,"column":62}},"locations":[{"start":{"line":48,"column":28},"end":{"line":48,"column":62}}]},"38":{"type":"branch","line":52,"loc":{"start":{"line":52,"column":28},"end":{"line":52,"column":59}},"locations":[{"start":{"line":52,"column":28},"end":{"line":52,"column":59}}]}},"b":{"0":[52],"1":[170],"2":[71],"3":[22],"4":[30],"5":[10],"6":[1],"7":[9],"8":[0],"9":[9],"10":[8],"11":[1],"12":[8],"13":[26],"14":[2],"15":[0],"16":[2],"17":[0],"18":[12],"19":[6],"20":[5],"21":[21],"22":[6],"23":[4],"24":[2],"25":[2],"26":[19],"27":[6],"28":[4],"29":[2],"30":[2],"31":[17],"32":[8],"33":[29],"34":[31],"35":[28],"36":[29],"37":[29],"38":[27]},"fnMap":{"0":{"name":"ehSubsequencia","decl":{"start":{"line":3,"column":2},"end":{"line":10,"column":3}},"loc":{"start":{"line":3,"column":2},"end":{"line":10,"column":3}},"line":3},"1":{"name":"temTodosBrinquedos","decl":{"start":{"line":13,"column":2},"end":{"line":15,"column":3}},"loc":{"start":{"line":13,"column":2},"end":{"line":15,"column":3}},"line":13},"2":{"name":"encontraPessoas","decl":{"start":{"line":17,"column":2},"end":{"line":107,"column":3}},"loc":{"start":{"line":17,"column":2},"end":{"line":107,"column":3}},"line":17}},"f":{"0":52,"1":0,"2":10}}
}
