TN:
SF:src\abrigo-animais.js
FN:3,ehSubsequencia
FN:13,temTodosBrinquedos
FN:17,encontraPessoas
FNF:3
FNH:2
FNDA:12,ehSubsequencia
FNDA:0,temTodosBrinquedos
FNDA:3,encontraPessoas
DA:1,1
DA:2,1
DA:3,1
DA:4,12
DA:5,12
DA:6,32
DA:7,32
DA:8,32
DA:9,8
DA:10,8
DA:11,1
DA:12,1
DA:13,1
DA:14,0
DA:15,0
DA:16,1
DA:17,1
DA:18,3
DA:19,3
DA:20,3
DA:21,3
DA:22,3
DA:23,3
DA:24,3
DA:25,3
DA:26,3
DA:27,3
DA:28,3
DA:29,3
DA:30,3
DA:31,3
DA:32,3
DA:33,3
DA:34,3
DA:35,3
DA:36,3
DA:37,3
DA:38,3
DA:39,3
DA:40,3
DA:41,3
DA:42,3
DA:43,3
DA:44,3
DA:45,0
DA:46,0
DA:47,3
DA:48,3
DA:49,0
DA:50,0
DA:51,3
DA:52,3
DA:53,1
DA:54,1
DA:55,2
DA:56,2
DA:57,2
DA:58,2
DA:59,2
DA:60,2
DA:61,2
DA:62,3
DA:63,6
DA:64,6
DA:65,6
DA:66,6
DA:67,6
DA:68,6
DA:69,6
DA:70,6
DA:71,0
DA:72,0
DA:73,6
DA:74,0
DA:75,0
DA:76,6
DA:77,6
DA:78,6
DA:79,6
DA:80,6
DA:81,6
DA:82,1
DA:83,1
DA:84,5
DA:85,5
DA:86,1
DA:87,1
DA:88,1
DA:89,4
DA:90,4
DA:91,1
DA:92,1
DA:93,1
DA:94,3
DA:95,3
DA:96,3
DA:97,3
DA:98,6
DA:99,2
DA:100,2
DA:101,2
DA:102,2
DA:103,2
DA:104,2
DA:105,2
DA:106,2
DA:107,1
DA:108,1
DA:109,1
LF:109
LH:99
BRDA:3,0,0,12
BRDA:5,1,0,32
BRDA:6,2,0,13
BRDA:7,3,0,4
BRDA:8,4,0,8
BRDA:17,5,0,3
BRDA:44,6,0,0
BRDA:48,7,0,0
BRDA:52,8,0,2
BRDA:52,9,0,1
BRDA:54,10,0,2
BRDA:62,11,0,6
BRDA:70,12,0,0
BRDA:70,13,0,0
BRDA:73,14,0,0
BRDA:73,15,0,0
BRDA:81,16,0,3
BRDA:81,17,0,1
BRDA:81,18,0,1
BRDA:83,19,0,5
BRDA:85,20,0,1
BRDA:85,21,0,0
BRDA:85,22,0,1
BRDA:85,23,0,1
BRDA:88,24,0,4
BRDA:90,25,0,1
BRDA:90,26,0,0
BRDA:90,27,0,1
BRDA:90,28,0,1
BRDA:93,29,0,3
BRDA:98,30,0,2
BRDA:40,31,0,6
BRDA:41,32,0,8
BRDA:42,33,0,7
BRDA:44,34,0,6
BRDA:48,35,0,8
BRDA:52,36,0,7
BRF:37
BRH:29
end_of_record
