TN:
SF:src\abrigo-animais.js
FN:3,ehSubsequencia
FN:13,temTodosBrinquedos
FN:17,encontraPessoas
FNF:3
FNH:2
FNDA:52,ehSubsequencia
FNDA:0,temTodosBrinquedos
FNDA:10,encontraPessoas
DA:1,1
DA:2,1
DA:3,1
DA:4,52
DA:5,52
DA:6,170
DA:7,170
DA:8,170
DA:9,30
DA:10,30
DA:11,1
DA:12,1
DA:13,1
DA:14,0
DA:15,0
DA:16,1
DA:17,1
DA:18,10
DA:19,10
DA:20,10
DA:21,10
DA:22,10
DA:23,10
DA:24,10
DA:25,10
DA:26,10
DA:27,10
DA:28,10
DA:29,10
DA:30,10
DA:31,10
DA:32,10
DA:33,10
DA:34,10
DA:35,10
DA:36,10
DA:37,10
DA:38,10
DA:39,10
DA:40,10
DA:41,10
DA:42,10
DA:43,10
DA:44,10
DA:45,1
DA:46,1
DA:47,9
DA:48,10
DA:49,0
DA:50,0
DA:51,9
DA:52,10
DA:53,1
DA:54,1
DA:55,8
DA:56,8
DA:57,8
DA:58,8
DA:59,8
DA:60,8
DA:61,8
DA:62,10
DA:63,26
DA:64,26
DA:65,26
DA:66,26
DA:67,26
DA:68,26
DA:69,26
DA:70,26
DA:71,0
DA:72,0
DA:73,26
DA:74,0
DA:75,0
DA:76,26
DA:77,26
DA:78,26
DA:79,26
DA:80,26
DA:81,26
DA:82,5
DA:83,5
DA:84,21
DA:85,21
DA:86,2
DA:87,2
DA:88,2
DA:89,19
DA:90,19
DA:91,2
DA:92,2
DA:93,2
DA:94,17
DA:95,17
DA:96,17
DA:97,17
DA:98,26
DA:99,8
DA:100,8
DA:101,8
DA:102,8
DA:103,8
DA:104,8
DA:105,8
DA:106,8
DA:107,1
DA:108,1
DA:109,1
LF:109
LH:101
BRDA:3,0,0,52
BRDA:5,1,0,170
BRDA:6,2,0,71
BRDA:7,3,0,22
BRDA:8,4,0,30
BRDA:17,5,0,10
BRDA:44,6,0,1
BRDA:46,7,0,9
BRDA:48,8,0,0
BRDA:50,9,0,9
BRDA:52,10,0,8
BRDA:52,11,0,1
BRDA:54,12,0,8
BRDA:62,13,0,26
BRDA:70,14,0,2
BRDA:70,15,0,0
BRDA:73,16,0,2
BRDA:73,17,0,0
BRDA:81,18,0,12
BRDA:81,19,0,6
BRDA:81,20,0,5
BRDA:83,21,0,21
BRDA:85,22,0,6
BRDA:85,23,0,4
BRDA:85,24,0,2
BRDA:85,25,0,2
BRDA:88,26,0,19
BRDA:90,27,0,6
BRDA:90,28,0,4
BRDA:90,29,0,2
BRDA:90,30,0,2
BRDA:93,31,0,17
BRDA:98,32,0,8
BRDA:40,33,0,29
BRDA:41,34,0,31
BRDA:42,35,0,28
BRDA:44,36,0,29
BRDA:48,37,0,29
BRDA:52,38,0,27
BRF:39
BRH:36
end_of_record
